SF:lib/data/services/api_service.dart
DA:12,5
DA:14,2
DA:15,4
DA:16,2
DA:17,2
DA:23,4
DA:24,2
DA:25,4
DA:27,1
DA:31,1
DA:32,2
DA:33,2
DA:34,1
DA:42,2
DA:43,2
DA:44,4
DA:46,0
LF:17
LH:16
end_of_record
SF:lib/data/models/country.dart
DA:7,4
DA:9,2
DA:10,6
DA:12,1
DA:13,1
DA:14,1
DA:15,1
LF:7
LH:7
end_of_record
SF:lib/data/models/state.dart
DA:7,2
DA:9,1
DA:10,3
DA:12,1
DA:13,1
DA:14,1
DA:15,1
LF:7
LH:7
end_of_record
SF:lib/bloc/dropdown_bloc.dart
DA:10,4
DA:12,4
DA:13,4
DA:16,2
DA:19,4
DA:20,4
DA:22,2
DA:26,0
DA:29,0
DA:30,0
DA:32,0
LF:11
LH:7
end_of_record
SF:lib/bloc/dropdown_event.dart
DA:4,3
DA:6,0
DA:7,0
DA:15,1
DA:17,0
DA:18,0
LF:6
LH:2
end_of_record
SF:lib/bloc/dropdown_state.dart
DA:11,8
DA:18,1
DA:24,1
DA:25,0
DA:26,0
DA:27,1
DA:28,1
DA:34,1
DA:36,5
LF:9
LH:7
end_of_record
SF:lib/main.dart
DA:8,0
DA:9,0
DA:15,1
DA:17,1
DA:19,1
DA:22,1
DA:25,1
DA:26,3
DA:29,1
DA:30,0
LF:10
LH:7
end_of_record
SF:lib/presentation/screens/dropdown_screen.dart
DA:12,6
DA:14,2
DA:15,2
DA:22,2
DA:24,2
DA:25,4
DA:26,4
DA:29,2
DA:31,2
DA:32,2
DA:36,2
DA:37,2
DA:39,2
DA:40,2
DA:42,2
DA:44,2
DA:45,2
DA:47,2
DA:48,2
DA:49,3
DA:50,2
DA:51,0
DA:52,0
DA:53,1
DA:56,1
DA:58,3
DA:59,2
DA:60,1
DA:61,1
DA:67,2
DA:68,1
DA:69,1
DA:71,2
DA:72,1
DA:73,1
DA:74,2
DA:75,0
DA:76,0
DA:77,1
DA:78,2
DA:79,1
DA:83,2
DA:84,2
DA:85,2
DA:90,2
DA:91,2
DA:99,1
DA:100,2
DA:101,1
DA:104,1
DA:105,1
DA:106,1
DA:114,0
LF:53
LH:48
end_of_record
SF:lib/presentation/screens/summary_screen.dart
DA:8,6
DA:10,1
DA:13,3
DA:14,1
DA:15,1
DA:17,1
DA:18,1
DA:22,1
DA:24,1
DA:27,1
DA:28,1
DA:29,1
DA:36,1
DA:37,1
DA:38,1
DA:48,1
DA:49,1
DA:56,1
DA:57,1
DA:58,1
LF:20
LH:20
end_of_record
SF:lib/presentation/widgets/custom_dropdown_widget.dart
DA:11,3
DA:21,3
DA:23,3
DA:26,3
DA:27,3
DA:28,3
DA:30,3
DA:31,6
DA:32,3
DA:35,8
DA:36,2
DA:38,6
DA:40,3
DA:41,3
DA:44,3
LF:15
LH:15
end_of_record
